<?xml version="1.0" encoding="UTF-8"?>
<coverage generated="1741778386451" clover="3.2.0">
  <project timestamp="1741778386451" name="All files">
    <metrics statements="36" coveredstatements="36" conditionals="11" coveredconditionals="9" methods="16" coveredmethods="16" elements="63" coveredelements="61" complexity="0" loc="36" ncloc="36" packages="1" files="1" classes="1"/>
    <file name="bananaManager.js" path="/Users/vitasbigboy/Desktop/BananaManager/src/bananaManager.js">
      <metrics statements="36" coveredstatements="36" conditionals="11" coveredconditionals="9" methods="16" coveredmethods="16"/>
      <line num="1" count="1" type="stmt"/>
      <line num="3" count="11" type="stmt"/>
      <line num="5" count="11" type="stmt"/>
      <line num="8" count="11" type="cond" truecount="0" falsecount="1"/>
      <line num="9" count="17" type="cond" truecount="4" falsecount="0"/>
      <line num="10" count="2" type="stmt"/>
      <line num="12" count="15" type="stmt"/>
      <line num="13" count="15" type="stmt"/>
      <line num="14" count="15" type="stmt"/>
      <line num="18" count="11" type="stmt"/>
      <line num="19" count="2" type="stmt"/>
      <line num="20" count="2" type="cond" truecount="2" falsecount="0"/>
      <line num="21" count="1" type="stmt"/>
      <line num="22" count="1" type="stmt"/>
      <line num="27" count="11" type="stmt"/>
      <line num="30" count="11" type="stmt"/>
      <line num="31" count="2" type="cond" truecount="2" falsecount="0"/>
      <line num="32" count="1" type="stmt"/>
      <line num="34" count="2" type="stmt"/>
      <line num="38" count="1" type="stmt"/>
      <line num="39" count="1" type="stmt"/>
      <line num="43" count="11" type="stmt"/>
      <line num="44" count="4" type="stmt"/>
      <line num="45" count="2" type="stmt"/>
      <line num="49" count="11" type="stmt"/>
      <line num="50" count="5" type="stmt"/>
      <line num="51" count="5" type="stmt"/>
      <line num="52" count="3" type="stmt"/>
      <line num="53" count="3" type="stmt"/>
      <line num="57" count="11" type="stmt"/>
      <line num="58" count="1" type="stmt"/>
      <line num="59" count="1" type="cond" truecount="1" falsecount="1"/>
      <line num="60" count="2" type="stmt"/>
      <line num="62" count="1" type="stmt"/>
      <line num="66" count="11" type="stmt"/>
      <line num="68" count="11" type="stmt"/>
    </file>
  </project>
</coverage>
