{"/Users/vitasbigboy/Desktop/BananaManager/src/bananaManager.js": {"path":"/Users/vitasbigboy/Desktop/BananaManager/src/bananaManager.js","statementMap":{"0":{"start":{"line":1,"column":29},"end":{"line":78,"column":1}},"1":{"start":{"line":3,"column":16},"end":{"line":3,"column":18}},"2":{"start":{"line":5,"column":21},"end":{"line":5,"column":23}},"3":{"start":{"line":8,"column":20},"end":{"line":15,"column":3}},"4":{"start":{"line":9,"column":4},"end":{"line":11,"column":5}},"5":{"start":{"line":10,"column":6},"end":{"line":10,"column":64}},"6":{"start":{"line":12,"column":19},"end":{"line":12,"column":69}},"7":{"start":{"line":13,"column":4},"end":{"line":13,"column":25}},"8":{"start":{"line":14,"column":4},"end":{"line":14,"column":45}},"9":{"start":{"line":18,"column":23},"end":{"line":24,"column":3}},"10":{"start":{"line":19,"column":19},"end":{"line":19,"column":49}},"11":{"start":{"line":19,"column":37},"end":{"line":19,"column":48}},"12":{"start":{"line":20,"column":4},"end":{"line":23,"column":5}},"13":{"start":{"line":21,"column":6},"end":{"line":21,"column":49}},"14":{"start":{"line":21,"column":36},"end":{"line":21,"column":47}},"15":{"start":{"line":22,"column":6},"end":{"line":22,"column":50}},"16":{"start":{"line":27,"column":21},"end":{"line":27,"column":34}},"17":{"start":{"line":27,"column":27},"end":{"line":27,"column":34}},"18":{"start":{"line":30,"column":28},"end":{"line":40,"column":3}},"19":{"start":{"line":31,"column":4},"end":{"line":33,"column":5}},"20":{"start":{"line":32,"column":6},"end":{"line":32,"column":69}},"21":{"start":{"line":34,"column":24},"end":{"line":37,"column":7}},"22":{"start":{"line":34,"column":52},"end":{"line":37,"column":5}},"23":{"start":{"line":38,"column":4},"end":{"line":38,"column":57}},"24":{"start":{"line":39,"column":4},"end":{"line":39,"column":23}},"25":{"start":{"line":43,"column":33},"end":{"line":46,"column":3}},"26":{"start":{"line":44,"column":4},"end":{"line":44,"column":54}},"27":{"start":{"line":44,"column":27},"end":{"line":44,"column":52}},"28":{"start":{"line":45,"column":4},"end":{"line":45,"column":38}},"29":{"start":{"line":49,"column":31},"end":{"line":54,"column":3}},"30":{"start":{"line":50,"column":20},"end":{"line":50,"column":57}},"31":{"start":{"line":50,"column":40},"end":{"line":50,"column":56}},"32":{"start":{"line":51,"column":4},"end":{"line":51,"column":51}},"33":{"start":{"line":51,"column":34},"end":{"line":51,"column":49}},"34":{"start":{"line":52,"column":4},"end":{"line":52,"column":57}},"35":{"start":{"line":53,"column":4},"end":{"line":53,"column":19}},"36":{"start":{"line":57,"column":30},"end":{"line":63,"column":3}},"37":{"start":{"line":58,"column":18},"end":{"line":58,"column":32}},"38":{"start":{"line":59,"column":29},"end":{"line":61,"column":9}},"39":{"start":{"line":60,"column":35},"end":{"line":60,"column":52}},"40":{"start":{"line":62,"column":4},"end":{"line":62,"column":39}},"41":{"start":{"line":66,"column":24},"end":{"line":66,"column":40}},"42":{"start":{"line":66,"column":30},"end":{"line":66,"column":40}},"43":{"start":{"line":68,"column":2},"end":{"line":77,"column":4}}},"fnMap":{"0":{"name":"(anonymous_0)","decl":{"start":{"line":1,"column":29},"end":{"line":1,"column":30}},"loc":{"start":{"line":1,"column":35},"end":{"line":78,"column":1}},"line":1},"1":{"name":"(anonymous_1)","decl":{"start":{"line":8,"column":20},"end":{"line":8,"column":21}},"loc":{"start":{"line":8,"column":40},"end":{"line":15,"column":3}},"line":8},"2":{"name":"(anonymous_2)","decl":{"start":{"line":18,"column":23},"end":{"line":18,"column":24}},"loc":{"start":{"line":18,"column":31},"end":{"line":24,"column":3}},"line":18},"3":{"name":"(anonymous_3)","decl":{"start":{"line":19,"column":32},"end":{"line":19,"column":33}},"loc":{"start":{"line":19,"column":37},"end":{"line":19,"column":48}},"line":19},"4":{"name":"(anonymous_4)","decl":{"start":{"line":21,"column":31},"end":{"line":21,"column":32}},"loc":{"start":{"line":21,"column":36},"end":{"line":21,"column":47}},"line":21},"5":{"name":"(anonymous_5)","decl":{"start":{"line":27,"column":21},"end":{"line":27,"column":22}},"loc":{"start":{"line":27,"column":27},"end":{"line":27,"column":34}},"line":27},"6":{"name":"(anonymous_6)","decl":{"start":{"line":30,"column":28},"end":{"line":30,"column":29}},"loc":{"start":{"line":30,"column":39},"end":{"line":40,"column":3}},"line":30},"7":{"name":"(anonymous_7)","decl":{"start":{"line":34,"column":34},"end":{"line":34,"column":35}},"loc":{"start":{"line":34,"column":52},"end":{"line":37,"column":5}},"line":34},"8":{"name":"(anonymous_8)","decl":{"start":{"line":43,"column":33},"end":{"line":43,"column":34}},"loc":{"start":{"line":43,"column":39},"end":{"line":46,"column":3}},"line":43},"9":{"name":"(anonymous_9)","decl":{"start":{"line":44,"column":17},"end":{"line":44,"column":18}},"loc":{"start":{"line":44,"column":27},"end":{"line":44,"column":52}},"line":44},"10":{"name":"(anonymous_10)","decl":{"start":{"line":49,"column":31},"end":{"line":49,"column":32}},"loc":{"start":{"line":49,"column":37},"end":{"line":54,"column":3}},"line":49},"11":{"name":"(anonymous_11)","decl":{"start":{"line":50,"column":35},"end":{"line":50,"column":36}},"loc":{"start":{"line":50,"column":40},"end":{"line":50,"column":56}},"line":50},"12":{"name":"(anonymous_12)","decl":{"start":{"line":51,"column":29},"end":{"line":51,"column":30}},"loc":{"start":{"line":51,"column":34},"end":{"line":51,"column":49}},"line":51},"13":{"name":"(anonymous_13)","decl":{"start":{"line":57,"column":30},"end":{"line":57,"column":31}},"loc":{"start":{"line":57,"column":36},"end":{"line":63,"column":3}},"line":57},"14":{"name":"(anonymous_14)","decl":{"start":{"line":60,"column":23},"end":{"line":60,"column":24}},"loc":{"start":{"line":60,"column":35},"end":{"line":60,"column":52}},"line":60},"15":{"name":"(anonymous_15)","decl":{"start":{"line":66,"column":24},"end":{"line":66,"column":25}},"loc":{"start":{"line":66,"column":30},"end":{"line":66,"column":40}},"line":66}},"branchMap":{"0":{"loc":{"start":{"line":8,"column":21},"end":{"line":8,"column":35}},"type":"default-arg","locations":[{"start":{"line":8,"column":33},"end":{"line":8,"column":35}}],"line":8},"1":{"loc":{"start":{"line":9,"column":4},"end":{"line":11,"column":5}},"type":"if","locations":[{"start":{"line":9,"column":4},"end":{"line":11,"column":5}},{"start":{},"end":{}}],"line":9},"2":{"loc":{"start":{"line":9,"column":8},"end":{"line":9,"column":39}},"type":"binary-expr","locations":[{"start":{"line":9,"column":8},"end":{"line":9,"column":21}},{"start":{"line":9,"column":25},"end":{"line":9,"column":39}}],"line":9},"3":{"loc":{"start":{"line":20,"column":4},"end":{"line":23,"column":5}},"type":"if","locations":[{"start":{"line":20,"column":4},"end":{"line":23,"column":5}},{"start":{},"end":{}}],"line":20},"4":{"loc":{"start":{"line":31,"column":4},"end":{"line":33,"column":5}},"type":"if","locations":[{"start":{"line":31,"column":4},"end":{"line":33,"column":5}},{"start":{},"end":{}}],"line":31},"5":{"loc":{"start":{"line":59,"column":29},"end":{"line":61,"column":9}},"type":"cond-expr","locations":[{"start":{"line":60,"column":8},"end":{"line":60,"column":64}},{"start":{"line":61,"column":8},"end":{"line":61,"column":9}}],"line":59}},"s":{"0":1,"1":11,"2":11,"3":11,"4":17,"5":2,"6":15,"7":15,"8":15,"9":11,"10":2,"11":1,"12":2,"13":1,"14":1,"15":1,"16":11,"17":6,"18":11,"19":2,"20":1,"21":1,"22":2,"23":1,"24":1,"25":11,"26":2,"27":4,"28":2,"29":11,"30":3,"31":5,"32":3,"33":5,"34":3,"35":3,"36":11,"37":1,"38":1,"39":2,"40":1,"41":11,"42":2,"43":11},"f":{"0":11,"1":17,"2":2,"3":1,"4":1,"5":6,"6":2,"7":2,"8":2,"9":4,"10":3,"11":5,"12":5,"13":1,"14":2,"15":2},"b":{"0":[0],"1":[2,15],"2":[17,16],"3":[1,1],"4":[1,1],"5":[1,0]},"inputSourceMap":null,"_coverageSchema":"1a1c01bbd47fc00a2c39e90264f33305004495a9","hash":"fbed54f8c5d59fd4e7cd7f3c7825255c354e1b09"}
}
