TN:
SF:src/bananaManager.js
FN:1,(anonymous_0)
FN:8,(anonymous_1)
FN:18,(anonymous_2)
FN:19,(anonymous_3)
FN:21,(anonymous_4)
FN:27,(anonymous_5)
FN:30,(anonymous_6)
FN:34,(anonymous_7)
FN:43,(anonymous_8)
FN:44,(anonymous_9)
FN:49,(anonymous_10)
FN:50,(anonymous_11)
FN:51,(anonymous_12)
FN:57,(anonymous_13)
FN:60,(anonymous_14)
FN:66,(anonymous_15)
FNF:16
FNH:16
FNDA:11,(anonymous_0)
FNDA:17,(anonymous_1)
FNDA:2,(anonymous_2)
FNDA:1,(anonymous_3)
FNDA:1,(anonymous_4)
FNDA:6,(anonymous_5)
FNDA:2,(anonymous_6)
FNDA:2,(anonymous_7)
FNDA:2,(anonymous_8)
FNDA:4,(anonymous_9)
FNDA:3,(anonymous_10)
FNDA:5,(anonymous_11)
FNDA:5,(anonymous_12)
FNDA:1,(anonymous_13)
FNDA:2,(anonymous_14)
FNDA:2,(anonymous_15)
DA:1,1
DA:3,11
DA:5,11
DA:8,11
DA:9,17
DA:10,2
DA:12,15
DA:13,15
DA:14,15
DA:18,11
DA:19,2
DA:20,2
DA:21,1
DA:22,1
DA:27,11
DA:30,11
DA:31,2
DA:32,1
DA:34,2
DA:38,1
DA:39,1
DA:43,11
DA:44,4
DA:45,2
DA:49,11
DA:50,5
DA:51,5
DA:52,3
DA:53,3
DA:57,11
DA:58,1
DA:59,1
DA:60,2
DA:62,1
DA:66,11
DA:68,11
LF:36
LH:36
BRDA:8,0,0,0
BRDA:9,1,0,2
BRDA:9,1,1,15
BRDA:9,2,0,17
BRDA:9,2,1,16
BRDA:20,3,0,1
BRDA:20,3,1,1
BRDA:31,4,0,1
BRDA:31,4,1,1
BRDA:59,5,0,1
BRDA:59,5,1,0
BRF:11
BRH:9
end_of_record
