TN:
SF:src/bananaManager.js
FN:1,(anonymous_0)
FN:8,(anonymous_1)
FN:18,(anonymous_2)
FN:19,(anonymous_3)
FN:21,(anonymous_4)
FN:27,(anonymous_5)
FN:30,(anonymous_6)
FN:34,(anonymous_7)
FN:43,(anonymous_8)
FN:44,(anonymous_9)
FN:49,(anonymous_10)
FN:50,(anonymous_11)
FN:51,(anonymous_12)
FN:57,(anonymous_13)
FN:60,(anonymous_14)
FN:66,(anonymous_15)
FNF:16
FNH:16
FNDA:7,(anonymous_0)
FNDA:12,(anonymous_1)
FNDA:1,(anonymous_2)
FNDA:1,(anonymous_3)
FNDA:1,(anonymous_4)
FNDA:5,(anonymous_5)
FNDA:1,(anonymous_6)
FNDA:2,(anonymous_7)
FNDA:1,(anonymous_8)
FNDA:3,(anonymous_9)
FNDA:2,(anonymous_10)
FNDA:3,(anonymous_11)
FNDA:3,(anonymous_12)
FNDA:1,(anonymous_13)
FNDA:2,(anonymous_14)
FNDA:1,(anonymous_15)
DA:1,1
DA:3,7
DA:5,7
DA:8,7
DA:9,12
DA:10,0
DA:12,12
DA:13,12
DA:14,12
DA:18,7
DA:19,1
DA:20,1
DA:21,1
DA:22,1
DA:27,7
DA:30,7
DA:31,1
DA:32,0
DA:34,2
DA:38,1
DA:39,1
DA:43,7
DA:44,3
DA:45,1
DA:49,7
DA:50,3
DA:51,3
DA:52,2
DA:53,2
DA:57,7
DA:58,1
DA:59,1
DA:60,2
DA:62,1
DA:66,7
DA:68,7
LF:36
LH:34
BRDA:8,0,0,0
BRDA:9,1,0,0
BRDA:9,1,1,12
BRDA:9,2,0,12
BRDA:9,2,1,12
BRDA:20,3,0,1
BRDA:20,3,1,0
BRDA:31,4,0,0
BRDA:31,4,1,1
BRDA:59,5,0,1
BRDA:59,5,1,0
BRF:11
BRH:6
end_of_record
